<?xml version="1.0" encoding="UTF-8"?>
<testng-results ignored="0" total="5" passed="4" failed="1" skipped="0">
  <reporter-output>
  </reporter-output>
  <suite started-at="2024-05-24T12:17:52 GST" name="Suite" finished-at="2024-05-24T12:18:46 GST" duration-ms="54067">
    <groups>
      <group name="ErrorHandling">
        <method signature="ErrorValidationTest.loginError()[pri:0, instance:firstmavenproject.tests.ErrorValidationTest@1de5f0ef]" name="loginError" class="firstmavenproject.tests.ErrorValidationTest"/>
      </group> <!-- ErrorHandling -->
      <group name="Purchase">
        <method signature="SubmitOrderCopyTest.SubmitOrder(java.util.HashMap)[pri:0, instance:firstmavenproject.tests.SubmitOrderCopyTest@1e1d3956]" name="SubmitOrder" class="firstmavenproject.tests.SubmitOrderCopyTest"/>
      </group> <!-- Purchase -->
    </groups>
    <test started-at="2024-05-24T12:17:52 GST" name="Error Validations" finished-at="2024-05-24T12:18:04 GST" duration-ms="11601">
      <class name="firstmavenproject.tests.ErrorValidationTest">
        <test-method is-config="true" signature="launchApplication()[pri:0, instance:firstmavenproject.tests.ErrorValidationTest@1de5f0ef]" started-at="2024-05-24T12:17:52 GST" name="launchApplication" finished-at="2024-05-24T12:17:58 GST" duration-ms="5900" status="PASS">
          <reporter-output>
          </reporter-output>
        </test-method> <!-- launchApplication -->
        <test-method signature="loginError()[pri:0, instance:firstmavenproject.tests.ErrorValidationTest@1de5f0ef]" started-at="2024-05-24T12:17:58 GST" name="loginError" finished-at="2024-05-24T12:17:59 GST" duration-ms="661" status="PASS">
          <reporter-output>
          </reporter-output>
        </test-method> <!-- loginError -->
        <test-method is-config="true" signature="TearDown()[pri:0, instance:firstmavenproject.tests.ErrorValidationTest@1de5f0ef]" started-at="2024-05-24T12:17:59 GST" name="TearDown" finished-at="2024-05-24T12:17:59 GST" duration-ms="116" status="PASS">
          <reporter-output>
          </reporter-output>
        </test-method> <!-- TearDown -->
        <test-method is-config="true" signature="launchApplication()[pri:0, instance:firstmavenproject.tests.ErrorValidationTest@1de5f0ef]" started-at="2024-05-24T12:17:59 GST" name="launchApplication" finished-at="2024-05-24T12:18:01 GST" duration-ms="1577" status="PASS">
          <reporter-output>
          </reporter-output>
        </test-method> <!-- launchApplication -->
        <test-method signature="productError()[pri:0, instance:firstmavenproject.tests.ErrorValidationTest@1de5f0ef]" started-at="2024-05-24T12:18:01 GST" name="productError" finished-at="2024-05-24T12:18:04 GST" duration-ms="3196" status="PASS">
          <reporter-output>
          </reporter-output>
        </test-method> <!-- productError -->
        <test-method is-config="true" signature="TearDown()[pri:0, instance:firstmavenproject.tests.ErrorValidationTest@1de5f0ef]" started-at="2024-05-24T12:18:04 GST" name="TearDown" finished-at="2024-05-24T12:18:04 GST" duration-ms="88" status="PASS">
          <reporter-output>
          </reporter-output>
        </test-method> <!-- TearDown -->
      </class> <!-- firstmavenproject.tests.ErrorValidationTest -->
    </test> <!-- Error Validations -->
    <test started-at="2024-05-24T12:17:52 GST" name="Submit Orders" finished-at="2024-05-24T12:18:46 GST" duration-ms="54067">
      <class name="firstmavenproject.tests.SubmitOrderCopyTest">
        <test-method is-config="true" signature="launchApplication()[pri:0, instance:firstmavenproject.tests.SubmitOrderCopyTest@1e1d3956]" started-at="2024-05-24T12:17:53 GST" name="launchApplication" finished-at="2024-05-24T12:18:33 GST" duration-ms="39885" status="PASS">
          <reporter-output>
          </reporter-output>
        </test-method> <!-- launchApplication -->
        <test-method signature="SubmitOrder(java.util.HashMap)[pri:0, instance:firstmavenproject.tests.SubmitOrderCopyTest@1e1d3956]" started-at="2024-05-24T12:18:33 GST" name="SubmitOrder" data-provider="getData" finished-at="2024-05-24T12:18:37 GST" duration-ms="4581" status="PASS">
          <params>
            <param index="0">
              <value>
                <![CDATA[{password=Aahi@2008, product=ADIDAS ORIGINAL, email=Shakkila.blr@gmail.com}]]>
              </value>
            </param>
          </params>
          <reporter-output>
          </reporter-output>
        </test-method> <!-- SubmitOrder -->
        <test-method is-config="true" signature="TearDown()[pri:0, instance:firstmavenproject.tests.SubmitOrderCopyTest@1e1d3956]" started-at="2024-05-24T12:18:37 GST" name="TearDown" finished-at="2024-05-24T12:18:37 GST" duration-ms="138" status="PASS">
          <reporter-output>
          </reporter-output>
        </test-method> <!-- TearDown -->
        <test-method is-config="true" signature="launchApplication()[pri:0, instance:firstmavenproject.tests.SubmitOrderCopyTest@1e1d3956]" started-at="2024-05-24T12:18:37 GST" name="launchApplication" finished-at="2024-05-24T12:18:39 GST" duration-ms="1387" status="PASS">
          <reporter-output>
          </reporter-output>
        </test-method> <!-- launchApplication -->
        <test-method signature="SubmitOrder(java.util.HashMap)[pri:0, instance:firstmavenproject.tests.SubmitOrderCopyTest@1e1d3956]" started-at="2024-05-24T12:18:39 GST" name="SubmitOrder" data-provider="getData" finished-at="2024-05-24T12:18:44 GST" duration-ms="5229" status="PASS">
          <params>
            <param index="0">
              <value>
                <![CDATA[{password=Aahi@2008, product=ZARA COAT 3, email=aahilihs253@gmail.com}]]>
              </value>
            </param>
          </params>
          <reporter-output>
          </reporter-output>
        </test-method> <!-- SubmitOrder -->
        <test-method is-config="true" signature="TearDown()[pri:0, instance:firstmavenproject.tests.SubmitOrderCopyTest@1e1d3956]" started-at="2024-05-24T12:18:44 GST" name="TearDown" finished-at="2024-05-24T12:18:44 GST" duration-ms="104" status="PASS">
          <reporter-output>
          </reporter-output>
        </test-method> <!-- TearDown -->
        <test-method is-config="true" signature="launchApplication()[pri:0, instance:firstmavenproject.tests.SubmitOrderCopyTest@1e1d3956]" started-at="2024-05-24T12:18:44 GST" name="launchApplication" finished-at="2024-05-24T12:18:45 GST" duration-ms="1282" status="PASS">
          <reporter-output>
          </reporter-output>
        </test-method> <!-- launchApplication -->
        <test-method signature="OrderHistory()[pri:0, instance:firstmavenproject.tests.SubmitOrderCopyTest@1e1d3956]" started-at="2024-05-24T12:18:45 GST" name="OrderHistory" finished-at="2024-05-24T12:18:46 GST" depends-on-methods="firstmavenproject.tests.SubmitOrderCopyTest.SubmitOrder" duration-ms="909" status="FAIL">
          <exception class="java.lang.AssertionError">
            <message>
              <![CDATA[expected [true] but found [false]]]>
            </message>
            <full-stacktrace>
              <![CDATA[java.lang.AssertionError: expected [true] but found [false]
at org.testng.Assert.fail(Assert.java:111)
at org.testng.Assert.failNotEquals(Assert.java:1578)
at org.testng.Assert.assertTrue(Assert.java:57)
at org.testng.Assert.assertTrue(Assert.java:67)
at firstmavenproject.tests.SubmitOrderCopyTest.OrderHistory(SubmitOrderCopyTest.java:48)
at java.base/jdk.internal.reflect.NativeMethodAccessorImpl.invoke0(Native Method)
at java.base/jdk.internal.reflect.NativeMethodAccessorImpl.invoke(NativeMethodAccessorImpl.java:77)
at java.base/jdk.internal.reflect.DelegatingMethodAccessorImpl.invoke(DelegatingMethodAccessorImpl.java:43)
at java.base/java.lang.reflect.Method.invoke(Method.java:568)
at org.testng.internal.invokers.MethodInvocationHelper.invokeMethod(MethodInvocationHelper.java:139)
at org.testng.internal.invokers.TestInvoker.invokeMethod(TestInvoker.java:664)
at org.testng.internal.invokers.TestInvoker.invokeTestMethod(TestInvoker.java:228)
at org.testng.internal.invokers.MethodRunner.runInSequence(MethodRunner.java:63)
at org.testng.internal.invokers.TestInvoker$MethodInvocationAgent.invoke(TestInvoker.java:961)
at org.testng.internal.invokers.TestInvoker.invokeTestMethods(TestInvoker.java:201)
at org.testng.internal.invokers.TestMethodWorker.invokeTestMethods(TestMethodWorker.java:148)
at org.testng.internal.invokers.TestMethodWorker.run(TestMethodWorker.java:128)
at java.base/java.util.ArrayList.forEach(ArrayList.java:1511)
at org.testng.TestRunner.privateRun(TestRunner.java:819)
at org.testng.TestRunner.run(TestRunner.java:619)
at org.testng.SuiteRunner.runTest(SuiteRunner.java:443)
at org.testng.SuiteRunner$SuiteWorker.run(SuiteRunner.java:481)
at org.testng.internal.thread.ThreadUtil.lambda$execute$0(ThreadUtil.java:58)
at java.base/java.util.concurrent.FutureTask.run(FutureTask.java:264)
at java.base/java.util.concurrent.ThreadPoolExecutor.runWorker(ThreadPoolExecutor.java:1136)
at java.base/java.util.concurrent.ThreadPoolExecutor$Worker.run(ThreadPoolExecutor.java:635)
at java.base/java.lang.Thread.run(Thread.java:840)
]]>
            </full-stacktrace>
          </exception> <!-- java.lang.AssertionError -->
          <reporter-output>
          </reporter-output>
        </test-method> <!-- OrderHistory -->
        <test-method is-config="true" signature="TearDown()[pri:0, instance:firstmavenproject.tests.SubmitOrderCopyTest@1e1d3956]" started-at="2024-05-24T12:18:46 GST" name="TearDown" finished-at="2024-05-24T12:18:46 GST" duration-ms="115" status="PASS">
          <reporter-output>
          </reporter-output>
        </test-method> <!-- TearDown -->
      </class> <!-- firstmavenproject.tests.SubmitOrderCopyTest -->
    </test> <!-- Submit Orders -->
  </suite> <!-- Suite -->
</testng-results>
