<?xml version="1.0" encoding="UTF-8"?>
<!-- Generated by org.testng.reporters.JUnitXMLReporter -->
<testsuite ignored="0" hostname="Shakkila" failures="1" tests="3" name="Submit Orders" time="54.067" errors="0" timestamp="2024-05-24T12:18:46 GST">
  <testcase classname="firstmavenproject.tests.SubmitOrderCopyTest" name="SubmitOrder" time="4.581"/>
  <testcase classname="firstmavenproject.tests.SubmitOrderCopyTest" name="SubmitOrder" time="5.229"/>
  <testcase classname="firstmavenproject.tests.SubmitOrderCopyTest" name="OrderHistory" time="0.909">
    <failure type="java.lang.AssertionError" message="expected [true] but found [false]">
      <![CDATA[java.lang.AssertionError: expected [true] but found [false]
at firstmavenproject.tests.SubmitOrderCopyTest.OrderHistory(SubmitOrderCopyTest.java:48)
at java.base/java.util.ArrayList.forEach(ArrayList.java:1511)
at java.base/java.util.concurrent.FutureTask.run(FutureTask.java:264)
at java.base/java.util.concurrent.ThreadPoolExecutor.runWorker(ThreadPoolExecutor.java:1136)
at java.base/java.util.concurrent.ThreadPoolExecutor$Worker.run(ThreadPoolExecutor.java:635)
at java.base/java.lang.Thread.run(Thread.java:840)
... Removed 21 stack frames]]>
    </failure>
  </testcase> <!-- OrderHistory -->
</testsuite> <!-- Submit Orders -->
